#
# There is insufficient memory for the Java Runtime Environment to continue.
# Native memory allocation (malloc) failed to allocate 32744 bytes for ChunkPool::allocate
# Possible reasons:
#   The system is out of physical RAM or swap space
#   The process is running with CompressedOops enabled, and the Java Heap may be blocking the growth of the native heap
# Possible solutions:
#   Reduce memory load on the system
#   Increase physical memory or swap space
#   Check if swap backing store is full
#   Decrease Java heap size (-Xmx/-Xms)
#   Decrease number of Java threads
#   Decrease Java thread stack sizes (-Xss)
#   Set larger code cache with -XX:ReservedCodeCacheSize=
#   JVM is running with Unscaled Compressed Oops mode in which the Java heap is
#     placed in the first 4GB address space. The Java Heap base address is the
#     maximum limit for the native heap growth. Please use -XX:HeapBaseMinAddress
#     to set the Java Heap base and to place the Java Heap above 4GB virtual address.
# This output file may be truncated or incomplete.
#
#  Out of Memory Error (arena.cpp:79), pid=10260, tid=8528
#
# JRE version: OpenJDK Runtime Environment JBR-17.0.9+7-1000.46-jcef (17.0.9+7) (build 17.0.9+7-b1000.46)
# Java VM: OpenJDK 64-Bit Server VM JBR-17.0.9+7-1000.46-jcef (17.0.9+7-b1000.46, mixed mode, tiered, compressed oops, compressed class ptrs, g1 gc, windows-amd64)
# No core dump will be written. Minidumps are not enabled by default on client versions of Windows
#

---------------  S U M M A R Y ------------

Command Line: git4idea.http.GitAskPassApp Username for 'https://github.com': 

Host: Intel(R) Core(TM) i5-4210H CPU @ 2.90GHz, 4 cores, 7G,  Windows 10 , 64 bit Build 18362 (10.0.18362.778)
Time: Sun Feb 25 13:30:15 2024 Восточная Европа (зима) elapsed time: 0.136773 seconds (0d 0h 0m 0s)

---------------  T H R E A D  ---------------

Current thread (0x00000128dfaa6610):  JavaThread "C1 CompilerThread0" daemon [_thread_in_native, id=8528, stack(0x000000136c900000,0x000000136ca00000)]


Current CompileTask:
C1:    136  102       3       sun.security.util.KnownOIDs::register (349 bytes)

Stack: [0x000000136c900000,0x000000136ca00000]
Native frames: (J=compiled Java code, j=interpreted, Vv=VM code, C=native code)
V  [jvm.dll+0x6886e9]
V  [jvm.dll+0x841e4a]
V  [jvm.dll+0x843a8e]
V  [jvm.dll+0x8440f3]
V  [jvm.dll+0x24c14f]
V  [jvm.dll+0xac66c]
V  [jvm.dll+0xaca9c]
V  [jvm.dll+0x11e9a5]
V  [jvm.dll+0x17c0cd]
V  [jvm.dll+0x17cca3]
V  [jvm.dll+0x137243]
V  [jvm.dll+0x136b4f]
V  [jvm.dll+0x136d86]
V  [jvm.dll+0x13621a]
V  [jvm.dll+0x137ed1]
V  [jvm.dll+0x22d088]
V  [jvm.dll+0x22b1c0]
V  [jvm.dll+0x7f62f7]
V  [jvm.dll+0x7f06aa]
V  [jvm.dll+0x687565]
C  [ucrtbase.dll+0x20e82]
C  [KERNEL32.DLL+0x17bd4]
C  [ntdll.dll+0x6ce51]


---------------  P R O C E S S  ---------------

Threads class SMR info:
_java_thread_list=0x00000128dfc23030, length=12, elements={
0x00000128c610cee0, 0x00000128df8ff630, 0x00000128df9004b0, 0x00000128df928bd0,
0x00000128df929590, 0x00000128dfa8a650, 0x00000128dfa8ee20, 0x00000128dfaa5840,
0x00000128dfaa6610, 0x00000128dfac4410, 0x00000128dfa8e400, 0x00000128dfa8c090
}

Java Threads: ( => current thread )
  0x00000128c610cee0 JavaThread "main" [_thread_in_vm, id=9288, stack(0x000000136bb00000,0x000000136bc00000)]
  0x00000128df8ff630 JavaThread "Reference Handler" daemon [_thread_blocked, id=2460, stack(0x000000136c200000,0x000000136c300000)]
  0x00000128df9004b0 JavaThread "Finalizer" daemon [_thread_blocked, id=9168, stack(0x000000136c300000,0x000000136c400000)]
  0x00000128df928bd0 JavaThread "Signal Dispatcher" daemon [_thread_blocked, id=12736, stack(0x000000136c400000,0x000000136c500000)]
  0x00000128df929590 JavaThread "Attach Listener" daemon [_thread_blocked, id=11524, stack(0x000000136c500000,0x000000136c600000)]
  0x00000128dfa8a650 JavaThread "Service Thread" daemon [_thread_blocked, id=8260, stack(0x000000136c600000,0x000000136c700000)]
  0x00000128dfa8ee20 JavaThread "Monitor Deflation Thread" daemon [_thread_blocked, id=6480, stack(0x000000136c700000,0x000000136c800000)]
  0x00000128dfaa5840 JavaThread "C2 CompilerThread0" daemon [_thread_blocked, id=3344, stack(0x000000136c800000,0x000000136c900000)]
=>0x00000128dfaa6610 JavaThread "C1 CompilerThread0" daemon [_thread_in_native, id=8528, stack(0x000000136c900000,0x000000136ca00000)]
  0x00000128dfac4410 JavaThread "Sweeper thread" daemon [_thread_blocked, id=3004, stack(0x000000136ca00000,0x000000136cb00000)]
  0x00000128dfa8e400 JavaThread "Notification Thread" daemon [_thread_blocked, id=11248, stack(0x000000136cb00000,0x000000136cc00000)]
  0x00000128dfa8c090 JavaThread "Common-Cleaner" daemon [_thread_blocked, id=10016, stack(0x000000136cd00000,0x000000136ce00000)]

Other Threads:
  0x00000128df8b6330 VMThread "VM Thread" [stack: 0x000000136c100000,0x000000136c200000] [id=12896]
  0x00000128dfc27c10 WatcherThread [stack: 0x000000136cc00000,0x000000136cd00000] [id=992]
  0x00000128c6167cb0 GCTaskThread "GC Thread#0" [stack: 0x000000136bc00000,0x000000136bd00000] [id=9664]
  0x00000128c6178980 ConcurrentGCThread "G1 Main Marker" [stack: 0x000000136bd00000,0x000000136be00000] [id=9088]
  0x00000128c61793a0 ConcurrentGCThread "G1 Conc#0" [stack: 0x000000136be00000,0x000000136bf00000] [id=224]
  0x00000128c61bd8b0 ConcurrentGCThread "G1 Refine#0" [stack: 0x000000136bf00000,0x000000136c000000] [id=6632]
  0x00000128c61be2e0 ConcurrentGCThread "G1 Service" [stack: 0x000000136c000000,0x000000136c100000] [id=3696]

Threads with active compile tasks:
C1 CompilerThread0      162  102       3       sun.security.util.KnownOIDs::register (349 bytes)

VM state: not at safepoint (normal execution)

VM Mutex/Monitor currently owned by a thread: None

Heap address: 0x0000000081400000, size: 2028 MB, Compressed Oops mode: 32-bit

CDS archive(s) not mapped
Compressed class space mapped at: 0x0000000100000000-0x0000000140000000, reserved size: 1073741824
Narrow klass base: 0x0000000000000000, Narrow klass shift: 3, Narrow klass range: 0x140000000

GC Precious Log:
 CPUs: 4 total, 4 available
 Memory: 8109M
 Large Page Support: Disabled
 NUMA Support: Disabled
 Compressed Oops: Enabled (32-bit)
 Heap Region Size: 1M
 Heap Min Capacity: 8M
 Heap Initial Capacity: 128M
 Heap Max Capacity: 2028M
 Pre-touch: Disabled
 Parallel Workers: 4
 Concurrent Workers: 1
 Concurrent Refinement Workers: 4
 Periodic GC: Disabled

Heap:
 garbage-first heap   total 131072K, used 1024K [0x0000000081400000, 0x0000000100000000)
  region size 1024K, 2 young (2048K), 0 survivors (0K)
 Metaspace       used 5437K, committed 5568K, reserved 1114112K
  class space    used 485K, committed 512K, reserved 1048576K

Heap Regions: E=young(eden), S=young(survivor), O=old, HS=humongous(starts), HC=humongous(continues), CS=collection set, F=free, OA=open archive, CA=closed archive, TAMS=top-at-mark-start (previous, next)
|   0|0x0000000081400000, 0x0000000081400000, 0x0000000081500000|  0%| F|  |TAMS 0x0000000081400000, 0x0000000081400000| Untracked 
|   1|0x0000000081500000, 0x0000000081500000, 0x0000000081600000|  0%| F|  |TAMS 0x0000000081500000, 0x0000000081500000| Untracked 
|   2|0x0000000081600000, 0x0000000081600000, 0x0000000081700000|  0%| F|  |TAMS 0x0000000081600000, 0x0000000081600000| Untracked 
|   3|0x0000000081700000, 0x0000000081700000, 0x0000000081800000|  0%| F|  |TAMS 0x0000000081700000, 0x0000000081700000| Untracked 
|   4|0x0000000081800000, 0x0000000081800000, 0x0000000081900000|  0%| F|  |TAMS 0x0000000081800000, 0x0000000081800000| Untracked 
|   5|0x0000000081900000, 0x0000000081900000, 0x0000000081a00000|  0%| F|  |TAMS 0x0000000081900000, 0x0000000081900000| Untracked 
|   6|0x0000000081a00000, 0x0000000081a00000, 0x0000000081b00000|  0%| F|  |TAMS 0x0000000081a00000, 0x0000000081a00000| Untracked 
|   7|0x0000000081b00000, 0x0000000081b00000, 0x0000000081c00000|  0%| F|  |TAMS 0x0000000081b00000, 0x0000000081b00000| Untracked 
|   8|0x0000000081c00000, 0x0000000081c00000, 0x0000000081d00000|  0%| F|  |TAMS 0x0000000081c00000, 0x0000000081c00000| Untracked 
|   9|0x0000000081d00000, 0x0000000081d00000, 0x0000000081e00000|  0%| F|  |TAMS 0x0000000081d00000, 0x0000000081d00000| Untracked 
|  10|0x0000000081e00000, 0x0000000081e00000, 0x0000000081f00000|  0%| F|  |TAMS 0x0000000081e00000, 0x0000000081e00000| Untracked 
|  11|0x0000000081f00000, 0x0000000081f00000, 0x0000000082000000|  0%| F|  |TAMS 0x0000000081f00000, 0x0000000081f00000| Untracked 
|  12|0x0000000082000000, 0x0000000082000000, 0x0000000082100000|  0%| F|  |TAMS 0x0000000082000000, 0x0000000082000000| Untracked 
|  13|0x0000000082100000, 0x0000000082100000, 0x0000000082200000|  0%| F|  |TAMS 0x0000000082100000, 0x0000000082100000| Untracked 
|  14|0x0000000082200000, 0x0000000082200000, 0x0000000082300000|  0%| F|  |TAMS 0x0000000082200000, 0x0000000082200000| Untracked 
|  15|0x0000000082300000, 0x0000000082300000, 0x0000000082400000|  0%| F|  |TAMS 0x0000000082300000, 0x0000000082300000| Untracked 
|  16|0x0000000082400000, 0x0000000082400000, 0x0000000082500000|  0%| F|  |TAMS 0x0000000082400000, 0x0000000082400000| Untracked 
|  17|0x0000000082500000, 0x0000000082500000, 0x0000000082600000|  0%| F|  |TAMS 0x0000000082500000, 0x0000000082500000| Untracked 
|  18|0x0000000082600000, 0x0000000082600000, 0x0000000082700000|  0%| F|  |TAMS 0x0000000082600000, 0x0000000082600000| Untracked 
|  19|0x0000000082700000, 0x0000000082700000, 0x0000000082800000|  0%| F|  |TAMS 0x0000000082700000, 0x0000000082700000| Untracked 
|  20|0x0000000082800000, 0x0000000082800000, 0x0000000082900000|  0%| F|  |TAMS 0x0000000082800000, 0x0000000082800000| Untracked 
|  21|0x0000000082900000, 0x0000000082900000, 0x0000000082a00000|  0%| F|  |TAMS 0x0000000082900000, 0x0000000082900000| Untracked 
|  22|0x0000000082a00000, 0x0000000082a00000, 0x0000000082b00000|  0%| F|  |TAMS 0x0000000082a00000, 0x0000000082a00000| Untracked 
|  23|0x0000000082b00000, 0x0000000082b00000, 0x0000000082c00000|  0%| F|  |TAMS 0x0000000082b00000, 0x0000000082b00000| Untracked 
|  24|0x0000000082c00000, 0x0000000082c00000, 0x0000000082d00000|  0%| F|  |TAMS 0x0000000082c00000, 0x0000000082c00000| Untracked 
|  25|0x0000000082d00000, 0x0000000082d00000, 0x0000000082e00000|  0%| F|  |TAMS 0x0000000082d00000, 0x0000000082d00000| Untracked 
|  26|0x0000000082e00000, 0x0000000082e00000, 0x0000000082f00000|  0%| F|  |TAMS 0x0000000082e00000, 0x0000000082e00000| Untracked 
|  27|0x0000000082f00000, 0x0000000082f00000, 0x0000000083000000|  0%| F|  |TAMS 0x0000000082f00000, 0x0000000082f00000| Untracked 
|  28|0x0000000083000000, 0x0000000083000000, 0x0000000083100000|  0%| F|  |TAMS 0x0000000083000000, 0x0000000083000000| Untracked 
|  29|0x0000000083100000, 0x0000000083100000, 0x0000000083200000|  0%| F|  |TAMS 0x0000000083100000, 0x0000000083100000| Untracked 
|  30|0x0000000083200000, 0x0000000083200000, 0x0000000083300000|  0%| F|  |TAMS 0x0000000083200000, 0x0000000083200000| Untracked 
|  31|0x0000000083300000, 0x0000000083300000, 0x0000000083400000|  0%| F|  |TAMS 0x0000000083300000, 0x0000000083300000| Untracked 
|  32|0x0000000083400000, 0x0000000083400000, 0x0000000083500000|  0%| F|  |TAMS 0x0000000083400000, 0x0000000083400000| Untracked 
|  33|0x0000000083500000, 0x0000000083500000, 0x0000000083600000|  0%| F|  |TAMS 0x0000000083500000, 0x0000000083500000| Untracked 
|  34|0x0000000083600000, 0x0000000083600000, 0x0000000083700000|  0%| F|  |TAMS 0x0000000083600000, 0x0000000083600000| Untracked 
|  35|0x0000000083700000, 0x0000000083700000, 0x0000000083800000|  0%| F|  |TAMS 0x0000000083700000, 0x0000000083700000| Untracked 
|  36|0x0000000083800000, 0x0000000083800000, 0x0000000083900000|  0%| F|  |TAMS 0x0000000083800000, 0x0000000083800000| Untracked 
|  37|0x0000000083900000, 0x0000000083900000, 0x0000000083a00000|  0%| F|  |TAMS 0x0000000083900000, 0x0000000083900000| Untracked 
|  38|0x0000000083a00000, 0x0000000083a00000, 0x0000000083b00000|  0%| F|  |TAMS 0x0000000083a00000, 0x0000000083a00000| Untracked 
|  39|0x0000000083b00000, 0x0000000083b00000, 0x0000000083c00000|  0%| F|  |TAMS 0x0000000083b00000, 0x0000000083b00000| Untracked 
|  40|0x0000000083c00000, 0x0000000083c00000, 0x0000000083d00000|  0%| F|  |TAMS 0x0000000083c00000, 0x0000000083c00000| Untracked 
|  41|0x0000000083d00000, 0x0000000083d00000, 0x0000000083e00000|  0%| F|  |TAMS 0x0000000083d00000, 0x0000000083d00000| Untracked 
|  42|0x0000000083e00000, 0x0000000083e00000, 0x0000000083f00000|  0%| F|  |TAMS 0x0000000083e00000, 0x0000000083e00000| Untracked 
|  43|0x0000000083f00000, 0x0000000083f00000, 0x0000000084000000|  0%| F|  |TAMS 0x0000000083f00000, 0x0000000083f00000| Untracked 
|  44|0x0000000084000000, 0x0000000084000000, 0x0000000084100000|  0%| F|  |TAMS 0x0000000084000000, 0x0000000084000000| Untracked 
|  45|0x0000000084100000, 0x0000000084100000, 0x0000000084200000|  0%| F|  |TAMS 0x0000000084100000, 0x0000000084100000| Untracked 
|  46|0x0000000084200000, 0x0000000084200000, 0x0000000084300000|  0%| F|  |TAMS 0x0000000084200000, 0x0000000084200000| Untracked 
|  47|0x0000000084300000, 0x0000000084300000, 0x0000000084400000|  0%| F|  |TAMS 0x0000000084300000, 0x0000000084300000| Untracked 
|  48|0x0000000084400000, 0x0000000084400000, 0x0000000084500000|  0%| F|  |TAMS 0x0000000084400000, 0x0000000084400000| Untracked 
|  49|0x0000000084500000, 0x0000000084500000, 0x0000000084600000|  0%| F|  |TAMS 0x0000000084500000, 0x0000000084500000| Untracked 
|  50|0x0000000084600000, 0x0000000084600000, 0x0000000084700000|  0%| F|  |TAMS 0x0000000084600000, 0x0000000084600000| Untracked 
|  51|0x0000000084700000, 0x0000000084700000, 0x0000000084800000|  0%| F|  |TAMS 0x0000000084700000, 0x0000000084700000| Untracked 
|  52|0x0000000084800000, 0x0000000084800000, 0x0000000084900000|  0%| F|  |TAMS 0x0000000084800000, 0x0000000084800000| Untracked 
|  53|0x0000000084900000, 0x0000000084900000, 0x0000000084a00000|  0%| F|  |TAMS 0x0000000084900000, 0x0000000084900000| Untracked 
|  54|0x0000000084a00000, 0x0000000084a00000, 0x0000000084b00000|  0%| F|  |TAMS 0x0000000084a00000, 0x0000000084a00000| Untracked 
|  55|0x0000000084b00000, 0x0000000084b00000, 0x0000000084c00000|  0%| F|  |TAMS 0x0000000084b00000, 0x0000000084b00000| Untracked 
|  56|0x0000000084c00000, 0x0000000084c00000, 0x0000000084d00000|  0%| F|  |TAMS 0x0000000084c00000, 0x0000000084c00000| Untracked 
|  57|0x0000000084d00000, 0x0000000084d00000, 0x0000000084e00000|  0%| F|  |TAMS 0x0000000084d00000, 0x0000000084d00000| Untracked 
|  58|0x0000000084e00000, 0x0000000084e00000, 0x0000000084f00000|  0%| F|  |TAMS 0x0000000084e00000, 0x0000000084e00000| Untracked 
|  59|0x0000000084f00000, 0x0000000084f00000, 0x0000000085000000|  0%| F|  |TAMS 0x0000000084f00000, 0x0000000084f00000| Untracked 
|  60|0x0000000085000000, 0x0000000085000000, 0x0000000085100000|  0%| F|  |TAMS 0x0000000085000000, 0x0000000085000000| Untracked 
|  61|0x0000000085100000, 0x0000000085100000, 0x0000000085200000|  0%| F|  |TAMS 0x0000000085100000, 0x0000000085100000| Untracked 
|  62|0x0000000085200000, 0x0000000085200000, 0x0000000085300000|  0%| F|  |TAMS 0x0000000085200000, 0x0000000085200000| Untracked 
|  63|0x0000000085300000, 0x0000000085300000, 0x0000000085400000|  0%| F|  |TAMS 0x0000000085300000, 0x0000000085300000| Untracked 
|  64|0x0000000085400000, 0x0000000085400000, 0x0000000085500000|  0%| F|  |TAMS 0x0000000085400000, 0x0000000085400000| Untracked 
|  65|0x0000000085500000, 0x0000000085500000, 0x0000000085600000|  0%| F|  |TAMS 0x0000000085500000, 0x0000000085500000| Untracked 
|  66|0x0000000085600000, 0x0000000085600000, 0x0000000085700000|  0%| F|  |TAMS 0x0000000085600000, 0x0000000085600000| Untracked 
|  67|0x0000000085700000, 0x0000000085700000, 0x0000000085800000|  0%| F|  |TAMS 0x0000000085700000, 0x0000000085700000| Untracked 
|  68|0x0000000085800000, 0x0000000085800000, 0x0000000085900000|  0%| F|  |TAMS 0x0000000085800000, 0x0000000085800000| Untracked 
|  69|0x0000000085900000, 0x0000000085900000, 0x0000000085a00000|  0%| F|  |TAMS 0x0000000085900000, 0x0000000085900000| Untracked 
|  70|0x0000000085a00000, 0x0000000085a00000, 0x0000000085b00000|  0%| F|  |TAMS 0x0000000085a00000, 0x0000000085a00000| Untracked 
|  71|0x0000000085b00000, 0x0000000085b00000, 0x0000000085c00000|  0%| F|  |TAMS 0x0000000085b00000, 0x0000000085b00000| Untracked 
|  72|0x0000000085c00000, 0x0000000085c00000, 0x0000000085d00000|  0%| F|  |TAMS 0x0000000085c00000, 0x0000000085c00000| Untracked 
|  73|0x0000000085d00000, 0x0000000085d00000, 0x0000000085e00000|  0%| F|  |TAMS 0x0000000085d00000, 0x0000000085d00000| Untracked 
|  74|0x0000000085e00000, 0x0000000085e00000, 0x0000000085f00000|  0%| F|  |TAMS 0x0000000085e00000, 0x0000000085e00000| Untracked 
|  75|0x0000000085f00000, 0x0000000085f00000, 0x0000000086000000|  0%| F|  |TAMS 0x0000000085f00000, 0x0000000085f00000| Untracked 
|  76|0x0000000086000000, 0x0000000086000000, 0x0000000086100000|  0%| F|  |TAMS 0x0000000086000000, 0x0000000086000000| Untracked 
|  77|0x0000000086100000, 0x0000000086100000, 0x0000000086200000|  0%| F|  |TAMS 0x0000000086100000, 0x0000000086100000| Untracked 
|  78|0x0000000086200000, 0x0000000086200000, 0x0000000086300000|  0%| F|  |TAMS 0x0000000086200000, 0x0000000086200000| Untracked 
|  79|0x0000000086300000, 0x0000000086300000, 0x0000000086400000|  0%| F|  |TAMS 0x0000000086300000, 0x0000000086300000| Untracked 
|  80|0x0000000086400000, 0x0000000086400000, 0x0000000086500000|  0%| F|  |TAMS 0x0000000086400000, 0x0000000086400000| Untracked 
|  81|0x0000000086500000, 0x0000000086500000, 0x0000000086600000|  0%| F|  |TAMS 0x0000000086500000, 0x0000000086500000| Untracked 
|  82|0x0000000086600000, 0x0000000086600000, 0x0000000086700000|  0%| F|  |TAMS 0x0000000086600000, 0x0000000086600000| Untracked 
|  83|0x0000000086700000, 0x0000000086700000, 0x0000000086800000|  0%| F|  |TAMS 0x0000000086700000, 0x0000000086700000| Untracked 
|  84|0x0000000086800000, 0x0000000086800000, 0x0000000086900000|  0%| F|  |TAMS 0x0000000086800000, 0x0000000086800000| Untracked 
|  85|0x0000000086900000, 0x0000000086900000, 0x0000000086a00000|  0%| F|  |TAMS 0x0000000086900000, 0x0000000086900000| Untracked 
|  86|0x0000000086a00000, 0x0000000086a00000, 0x0000000086b00000|  0%| F|  |TAMS 0x0000000086a00000, 0x0000000086a00000| Untracked 
|  87|0x0000000086b00000, 0x0000000086b00000, 0x0000000086c00000|  0%| F|  |TAMS 0x0000000086b00000, 0x0000000086b00000| Untracked 
|  88|0x0000000086c00000, 0x0000000086c00000, 0x0000000086d00000|  0%| F|  |TAMS 0x0000000086c00000, 0x0000000086c00000| Untracked 
|  89|0x0000000086d00000, 0x0000000086d00000, 0x0000000086e00000|  0%| F|  |TAMS 0x0000000086d00000, 0x0000000086d00000| Untracked 
|  90|0x0000000086e00000, 0x0000000086e00000, 0x0000000086f00000|  0%| F|  |TAMS 0x0000000086e00000, 0x0000000086e00000| Untracked 
|  91|0x0000000086f00000, 0x0000000086f00000, 0x0000000087000000|  0%| F|  |TAMS 0x0000000086f00000, 0x0000000086f00000| Untracked 
|  92|0x0000000087000000, 0x0000000087000000, 0x0000000087100000|  0%| F|  |TAMS 0x0000000087000000, 0x0000000087000000| Untracked 
|  93|0x0000000087100000, 0x0000000087100000, 0x0000000087200000|  0%| F|  |TAMS 0x0000000087100000, 0x0000000087100000| Untracked 
|  94|0x0000000087200000, 0x0000000087200000, 0x0000000087300000|  0%| F|  |TAMS 0x0000000087200000, 0x0000000087200000| Untracked 
|  95|0x0000000087300000, 0x0000000087300000, 0x0000000087400000|  0%| F|  |TAMS 0x0000000087300000, 0x0000000087300000| Untracked 
|  96|0x0000000087400000, 0x0000000087400000, 0x0000000087500000|  0%| F|  |TAMS 0x0000000087400000, 0x0000000087400000| Untracked 
|  97|0x0000000087500000, 0x0000000087500000, 0x0000000087600000|  0%| F|  |TAMS 0x0000000087500000, 0x0000000087500000| Untracked 
|  98|0x0000000087600000, 0x0000000087600000, 0x0000000087700000|  0%| F|  |TAMS 0x0000000087600000, 0x0000000087600000| Untracked 
|  99|0x0000000087700000, 0x0000000087700000, 0x0000000087800000|  0%| F|  |TAMS 0x0000000087700000, 0x0000000087700000| Untracked 
| 100|0x0000000087800000, 0x0000000087800000, 0x0000000087900000|  0%| F|  |TAMS 0x0000000087800000, 0x0000000087800000| Untracked 
| 101|0x0000000087900000, 0x0000000087900000, 0x0000000087a00000|  0%| F|  |TAMS 0x0000000087900000, 0x0000000087900000| Untracked 
| 102|0x0000000087a00000, 0x0000000087a00000, 0x0000000087b00000|  0%| F|  |TAMS 0x0000000087a00000, 0x0000000087a00000| Untracked 
| 103|0x0000000087b00000, 0x0000000087b00000, 0x0000000087c00000|  0%| F|  |TAMS 0x0000000087b00000, 0x0000000087b00000| Untracked 
| 104|0x0000000087c00000, 0x0000000087c00000, 0x0000000087d00000|  0%| F|  |TAMS 0x0000000087c00000, 0x0000000087c00000| Untracked 
| 105|0x0000000087d00000, 0x0000000087d00000, 0x0000000087e00000|  0%| F|  |TAMS 0x0000000087d00000, 0x0000000087d00000| Untracked 
| 106|0x0000000087e00000, 0x0000000087e00000, 0x0000000087f00000|  0%| F|  |TAMS 0x0000000087e00000, 0x0000000087e00000| Untracked 
| 107|0x0000000087f00000, 0x0000000087f00000, 0x0000000088000000|  0%| F|  |TAMS 0x0000000087f00000, 0x0000000087f00000| Untracked 
| 108|0x0000000088000000, 0x0000000088000000, 0x0000000088100000|  0%| F|  |TAMS 0x0000000088000000, 0x0000000088000000| Untracked 
| 109|0x0000000088100000, 0x0000000088100000, 0x0000000088200000|  0%| F|  |TAMS 0x0000000088100000, 0x0000000088100000| Untracked 
| 110|0x0000000088200000, 0x0000000088200000, 0x0000000088300000|  0%| F|  |TAMS 0x0000000088200000, 0x0000000088200000| Untracked 
| 111|0x0000000088300000, 0x0000000088300000, 0x0000000088400000|  0%| F|  |TAMS 0x0000000088300000, 0x0000000088300000| Untracked 
| 112|0x0000000088400000, 0x0000000088400000, 0x0000000088500000|  0%| F|  |TAMS 0x0000000088400000, 0x0000000088400000| Untracked 
| 113|0x0000000088500000, 0x0000000088500000, 0x0000000088600000|  0%| F|  |TAMS 0x0000000088500000, 0x0000000088500000| Untracked 
| 114|0x0000000088600000, 0x0000000088600000, 0x0000000088700000|  0%| F|  |TAMS 0x0000000088600000, 0x0000000088600000| Untracked 
| 115|0x0000000088700000, 0x0000000088700000, 0x0000000088800000|  0%| F|  |TAMS 0x0000000088700000, 0x0000000088700000| Untracked 
| 116|0x0000000088800000, 0x0000000088800000, 0x0000000088900000|  0%| F|  |TAMS 0x0000000088800000, 0x0000000088800000| Untracked 
| 117|0x0000000088900000, 0x0000000088900000, 0x0000000088a00000|  0%| F|  |TAMS 0x0000000088900000, 0x0000000088900000| Untracked 
| 118|0x0000000088a00000, 0x0000000088a00000, 0x0000000088b00000|  0%| F|  |TAMS 0x0000000088a00000, 0x0000000088a00000| Untracked 
| 119|0x0000000088b00000, 0x0000000088b00000, 0x0000000088c00000|  0%| F|  |TAMS 0x0000000088b00000, 0x0000000088b00000| Untracked 
| 120|0x0000000088c00000, 0x0000000088c00000, 0x0000000088d00000|  0%| F|  |TAMS 0x0000000088c00000, 0x0000000088c00000| Untracked 
| 121|0x0000000088d00000, 0x0000000088d00000, 0x0000000088e00000|  0%| F|  |TAMS 0x0000000088d00000, 0x0000000088d00000| Untracked 
| 122|0x0000000088e00000, 0x0000000088e00000, 0x0000000088f00000|  0%| F|  |TAMS 0x0000000088e00000, 0x0000000088e00000| Untracked 
| 123|0x0000000088f00000, 0x0000000088f00000, 0x0000000089000000|  0%| F|  |TAMS 0x0000000088f00000, 0x0000000088f00000| Untracked 
| 124|0x0000000089000000, 0x0000000089000000, 0x0000000089100000|  0%| F|  |TAMS 0x0000000089000000, 0x0000000089000000| Untracked 
| 125|0x0000000089100000, 0x0000000089100000, 0x0000000089200000|  0%| F|  |TAMS 0x0000000089100000, 0x0000000089100000| Untracked 
| 126|0x0000000089200000, 0x0000000089285a20, 0x0000000089300000| 52%| E|  |TAMS 0x0000000089200000, 0x0000000089200000| Complete 
| 127|0x0000000089300000, 0x0000000089400000, 0x0000000089400000|100%| E|CS|TAMS 0x0000000089300000, 0x0000000089300000| Complete 

Card table byte_map: [0x00000128d8c80000,0x00000128d9080000] _byte_map_base: 0x00000128d8876000

Marking Bits (Prev, Next): (CMBitMap*) 0x00000128c61682d0, (CMBitMap*) 0x00000128c6168310
 Prev Bits: [0x00000128d9480000, 0x00000128db430000)
 Next Bits: [0x00000128db430000, 0x00000128dd3e0000)

Polling page: 0x00000128c40c0000

Metaspace:

Usage:
  Non-class:      4.84 MB used.
      Class:    485.97 KB used.
       Both:      5.31 MB used.

Virtual space:
  Non-class space:       64.00 MB reserved,       4.94 MB (  8%) committed,  1 nodes.
      Class space:        1.00 GB reserved,     512.00 KB ( <1%) committed,  1 nodes.
             Both:        1.06 GB reserved,       5.44 MB ( <1%) committed. 

Chunk freelists:
   Non-Class:  10.99 MB
       Class:  15.51 MB
        Both:  26.50 MB

MaxMetaspaceSize: unlimited
CompressedClassSpaceSize: 1.00 GB
Initial GC threshold: 21.00 MB
Current GC threshold: 21.00 MB
CDS: off
MetaspaceReclaimPolicy: balanced
 - commit_granule_bytes: 65536.
 - commit_granule_words: 8192.
 - virtual_space_node_default_size: 8388608.
 - enlarge_chunks_in_place: 1.
 - new_chunks_are_fully_committed: 0.
 - uncommit_free_chunks: 1.
 - use_allocation_guard: 0.
 - handle_deallocations: 1.


Internal statistics:

num_allocs_failed_limit: 0.
num_arena_births: 4.
num_arena_deaths: 0.
num_vsnodes_births: 2.
num_vsnodes_deaths: 0.
num_space_committed: 87.
num_space_uncommitted: 0.
num_chunks_returned_to_freelist: 0.
num_chunks_taken_from_freelist: 12.
num_chunk_merges: 0.
num_chunk_splits: 5.
num_chunks_enlarged: 1.
num_inconsistent_stats: 0.

CodeHeap 'non-profiled nmethods': size=120000Kb used=19Kb max_used=19Kb free=119980Kb
 bounds [0x00000128d1350000, 0x00000128d15c0000, 0x00000128d8880000]
CodeHeap 'profiled nmethods': size=120000Kb used=133Kb max_used=133Kb free=119866Kb
 bounds [0x00000128c9880000, 0x00000128c9af0000, 0x00000128d0db0000]
CodeHeap 'non-nmethods': size=5760Kb used=1072Kb max_used=1085Kb free=4688Kb
 bounds [0x00000128d0db0000, 0x00000128d1020000, 0x00000128d1350000]
 total_blobs=441 nmethods=102 adapters=252
 compilation: enabled
              stopped_count=0, restarted_count=0
 full_count=0

Compilation events (20 events):
Event: 0.130 Thread 0x00000128dfaa6610   90       3       jdk.internal.misc.Unsafe::putReferenceRelease (9 bytes)
Event: 0.130 Thread 0x00000128dfaa6610 nmethod 90 0x00000128c989ef90 code [0x00000128c989f120, 0x00000128c989f278]
Event: 0.130 Thread 0x00000128dfaa6610   92       3       java.util.concurrent.ConcurrentHashMap::setTabAt (20 bytes)
Event: 0.130 Thread 0x00000128dfaa6610 nmethod 92 0x00000128c989f310 code [0x00000128c989f4c0, 0x00000128c989f6c8]
Event: 0.130 Thread 0x00000128dfaa5840   93       4       java.lang.String::hashCode (60 bytes)
Event: 0.130 Thread 0x00000128dfaa6610   94       1       sun.util.locale.BaseLocale::getLanguage (5 bytes)
Event: 0.130 Thread 0x00000128dfaa6610 nmethod 94 0x00000128d1353890 code [0x00000128d1353a20, 0x00000128d1353af8]
Event: 0.130 Thread 0x00000128dfaa6610   95       3       java.util.concurrent.ConcurrentHashMap::put (8 bytes)
Event: 0.130 Thread 0x00000128dfaa6610 nmethod 95 0x00000128c989f790 code [0x00000128c989f920, 0x00000128c989fa68]
Event: 0.131 Thread 0x00000128dfaa6610   96       1       sun.security.util.KnownOIDs::registerNames (2 bytes)
Event: 0.131 Thread 0x00000128dfaa6610 nmethod 96 0x00000128d1353b90 code [0x00000128d1353d20, 0x00000128d1353df8]
Event: 0.131 Thread 0x00000128dfaa6610   97       3       java.lang.StringLatin1::toUpperCase (186 bytes)
Event: 0.132 Thread 0x00000128dfaa6610 nmethod 97 0x00000128c989fb10 code [0x00000128c989fd80, 0x00000128c98a08b8]
Event: 0.132 Thread 0x00000128dfaa6610  100       3       java.lang.String::toUpperCase (29 bytes)
Event: 0.132 Thread 0x00000128dfaa6610 nmethod 100 0x00000128c98a0c90 code [0x00000128c98a0e60, 0x00000128c98a1118]
Event: 0.132 Thread 0x00000128dfaa6610  101       3       java.util.Objects::nonNull (10 bytes)
Event: 0.133 Thread 0x00000128dfaa6610 nmethod 101 0x00000128c98a1210 code [0x00000128c98a13a0, 0x00000128c98a14f8]
Event: 0.133 Thread 0x00000128dfaa6610  102       3       sun.security.util.KnownOIDs::register (349 bytes)
Event: 0.134 Thread 0x00000128dfaa5840 nmethod 93 0x00000128d1354290 code [0x00000128d1354400, 0x00000128d13545f8]
Event: 0.134 Thread 0x00000128dfaa5840   99       4       jdk.internal.misc.Unsafe::putReferenceRelease (9 bytes)

GC Heap History (0 events):
No events

Dll operation events (1 events):
Event: 0.007 Loaded shared library C:\Program Files\JetBrains\IntelliJ IDEA Community Edition 2023.2.5\jbr\bin\java.dll

Deoptimization events (0 events):
No events

Classes unloaded (0 events):
No events

Classes redefined (0 events):
No events

Internal exceptions (0 events):
No events

VM Operations (4 events):
Event: 0.112 Executing VM operation: HandshakeAllThreads
Event: 0.112 Executing VM operation: HandshakeAllThreads done
Event: 0.126 Executing VM operation: HandshakeAllThreads
Event: 0.126 Executing VM operation: HandshakeAllThreads done

Events (20 events):
Event: 0.129 loading class sun/security/util/KnownOIDs$5 done
Event: 0.129 loading class sun/security/util/KnownOIDs$6
Event: 0.129 loading class sun/security/util/KnownOIDs$6 done
Event: 0.129 loading class sun/security/util/KnownOIDs$7
Event: 0.129 loading class sun/security/util/KnownOIDs$7 done
Event: 0.129 loading class sun/security/util/KnownOIDs$8
Event: 0.129 loading class sun/security/util/KnownOIDs$8 done
Event: 0.129 loading class sun/security/util/KnownOIDs$9
Event: 0.129 loading class sun/security/util/KnownOIDs$9 done
Event: 0.129 loading class sun/security/util/KnownOIDs$10
Event: 0.129 loading class sun/security/util/KnownOIDs$10 done
Event: 0.134 loading class java/util/LinkedHashMap$LinkedKeySet
Event: 0.134 loading class java/util/LinkedHashMap$LinkedKeySet done
Event: 0.134 loading class java/util/LinkedHashMap$LinkedKeyIterator
Event: 0.134 loading class java/util/LinkedHashMap$LinkedHashIterator
Event: 0.134 loading class java/util/LinkedHashMap$LinkedHashIterator done
Event: 0.134 loading class java/util/LinkedHashMap$LinkedKeyIterator done
Event: 0.134 loading class java/util/Collections$EmptyIterator
Event: 0.135 loading class java/util/Collections$EmptyIterator done
Event: 0.135 loading class java/util/ArrayList$Itr


Dynamic libraries:
0x00007ff6c9360000 - 0x00007ff6c936a000 	C:\Program Files\JetBrains\IntelliJ IDEA Community Edition 2023.2.5\jbr\bin\java.exe
0x00007ffbf91e0000 - 0x00007ffbf93d0000 	C:\WINDOWS\SYSTEM32\ntdll.dll
0x00007ffbf8760000 - 0x00007ffbf8812000 	C:\WINDOWS\System32\KERNEL32.DLL
0x00007ffbf6f10000 - 0x00007ffbf71b4000 	C:\WINDOWS\System32\KERNELBASE.dll
0x00007ffbf6c20000 - 0x00007ffbf6d1a000 	C:\WINDOWS\System32\ucrtbase.dll
0x00007ffbe6800000 - 0x00007ffbe681b000 	C:\Program Files\JetBrains\IntelliJ IDEA Community Edition 2023.2.5\jbr\bin\VCRUNTIME140.dll
0x00007ffbe9c10000 - 0x00007ffbe9c27000 	C:\Program Files\JetBrains\IntelliJ IDEA Community Edition 2023.2.5\jbr\bin\jli.dll
0x00007ffbf7d00000 - 0x00007ffbf7e94000 	C:\WINDOWS\System32\USER32.dll
0x00007ffbf6aa0000 - 0x00007ffbf6ac1000 	C:\WINDOWS\System32\win32u.dll
0x00007ffbe9d60000 - 0x00007ffbe9fe4000 	C:\WINDOWS\WinSxS\amd64_microsoft.windows.common-controls_6595b64144ccf1df_6.0.18362.836_none_e6c4b943130f18ed\COMCTL32.dll
0x00007ffbf79e0000 - 0x00007ffbf7a7e000 	C:\WINDOWS\System32\msvcrt.dll
0x00007ffbf8060000 - 0x00007ffbf8086000 	C:\WINDOWS\System32\GDI32.dll
0x00007ffbf8310000 - 0x00007ffbf8646000 	C:\WINDOWS\System32\combase.dll
0x00007ffbf8120000 - 0x00007ffbf8240000 	C:\WINDOWS\System32\RPCRT4.dll
0x00007ffbf6d70000 - 0x00007ffbf6f04000 	C:\WINDOWS\System32\gdi32full.dll
0x00007ffbf6170000 - 0x00007ffbf61f0000 	C:\WINDOWS\System32\bcryptPrimitives.dll
0x00007ffbf71f0000 - 0x00007ffbf728e000 	C:\WINDOWS\System32\msvcp_win.dll
0x00007ffbf7290000 - 0x00007ffbf72be000 	C:\WINDOWS\System32\IMM32.DLL
0x00007ffbeec30000 - 0x00007ffbeec3c000 	C:\Program Files\JetBrains\IntelliJ IDEA Community Edition 2023.2.5\jbr\bin\vcruntime140_1.dll
0x00007ffbe07b0000 - 0x00007ffbe083d000 	C:\Program Files\JetBrains\IntelliJ IDEA Community Edition 2023.2.5\jbr\bin\msvcp140.dll
0x00007ffbb99a0000 - 0x00007ffbba623000 	C:\Program Files\JetBrains\IntelliJ IDEA Community Edition 2023.2.5\jbr\bin\server\jvm.dll
0x00007ffbf7be0000 - 0x00007ffbf7c83000 	C:\WINDOWS\System32\ADVAPI32.dll
0x00007ffbf86c0000 - 0x00007ffbf8757000 	C:\WINDOWS\System32\sechost.dll
0x00007ffbf6100000 - 0x00007ffbf614a000 	C:\WINDOWS\System32\POWRPROF.dll
0x00007ffbf60a0000 - 0x00007ffbf60b0000 	C:\WINDOWS\System32\UMPDC.dll
0x00007ffbf4120000 - 0x00007ffbf4144000 	C:\WINDOWS\SYSTEM32\WINMM.dll
0x00007ffbf1550000 - 0x00007ffbf1559000 	C:\WINDOWS\SYSTEM32\WSOCK32.dll
0x00007ffbee580000 - 0x00007ffbee58a000 	C:\WINDOWS\SYSTEM32\VERSION.dll
0x00007ffbf80b0000 - 0x00007ffbf811f000 	C:\WINDOWS\System32\WS2_32.dll
0x00007ffbf4180000 - 0x00007ffbf41ad000 	C:\WINDOWS\SYSTEM32\winmmbase.dll
0x00007ffbf6d20000 - 0x00007ffbf6d6a000 	C:\WINDOWS\System32\cfgmgr32.dll
0x00007ffbf60e0000 - 0x00007ffbf60f1000 	C:\WINDOWS\System32\kernel.appcore.dll
0x00007ffbf06c0000 - 0x00007ffbf06ca000 	C:\Program Files\JetBrains\IntelliJ IDEA Community Edition 2023.2.5\jbr\bin\jimage.dll
0x00007ffbe22f0000 - 0x00007ffbe24e4000 	C:\WINDOWS\SYSTEM32\DBGHELP.DLL
0x00007ffbe22c0000 - 0x00007ffbe22ea000 	C:\WINDOWS\SYSTEM32\dbgcore.DLL
0x00007ffbec4a0000 - 0x00007ffbec4c5000 	C:\Program Files\JetBrains\IntelliJ IDEA Community Edition 2023.2.5\jbr\bin\java.dll
0x00007ffbec320000 - 0x00007ffbec338000 	C:\Program Files\JetBrains\IntelliJ IDEA Community Edition 2023.2.5\jbr\bin\zip.dll
0x00007ffbf8a30000 - 0x00007ffbf9114000 	C:\WINDOWS\System32\SHELL32.dll
0x00007ffbf8980000 - 0x00007ffbf8a29000 	C:\WINDOWS\System32\shcore.dll
0x00007ffbf6320000 - 0x00007ffbf6a9e000 	C:\WINDOWS\System32\windows.storage.dll
0x00007ffbf60b0000 - 0x00007ffbf60d3000 	C:\WINDOWS\System32\profapi.dll
0x00007ffbf7980000 - 0x00007ffbf79d2000 	C:\WINDOWS\System32\shlwapi.dll
0x00007ffbf6300000 - 0x00007ffbf6317000 	C:\WINDOWS\System32\cryptsp.dll
0x00007ffbea480000 - 0x00007ffbea499000 	C:\Program Files\JetBrains\IntelliJ IDEA Community Edition 2023.2.5\jbr\bin\net.dll
0x00007ffbecbb0000 - 0x00007ffbecca0000 	C:\WINDOWS\SYSTEM32\WINHTTP.dll
0x00007ffbf58b0000 - 0x00007ffbf5917000 	C:\WINDOWS\system32\mswsock.dll
0x00007ffbea460000 - 0x00007ffbea476000 	C:\Program Files\JetBrains\IntelliJ IDEA Community Edition 2023.2.5\jbr\bin\nio.dll

dbghelp: loaded successfully - version: 4.0.5 - missing functions: none
symbol engine: initialized successfully - sym options: 0x614 - pdb path: .;C:\Program Files\JetBrains\IntelliJ IDEA Community Edition 2023.2.5\jbr\bin;C:\WINDOWS\SYSTEM32;C:\WINDOWS\WinSxS\amd64_microsoft.windows.common-controls_6595b64144ccf1df_6.0.18362.836_none_e6c4b943130f18ed;C:\Program Files\JetBrains\IntelliJ IDEA Community Edition 2023.2.5\jbr\bin\server

VM Arguments:
java_command: git4idea.http.GitAskPassApp Username for 'https://github.com': 
java_class_path (initial): C:/Program Files/JetBrains/IntelliJ IDEA Community Edition 2023.2.5/plugins/vcs-git/lib/git4idea-rt.jar;C:/Program Files/JetBrains/IntelliJ IDEA Community Edition 2023.2.5/lib/externalProcess-rt.jar
Launcher Type: SUN_STANDARD

[Global flags]
     intx CICompilerCount                          = 3                                         {product} {ergonomic}
     uint ConcGCThreads                            = 1                                         {product} {ergonomic}
     uint G1ConcRefinementThreads                  = 4                                         {product} {ergonomic}
   size_t G1HeapRegionSize                         = 1048576                                   {product} {ergonomic}
    uintx GCDrainStackTargetSize                   = 64                                        {product} {ergonomic}
   size_t InitialHeapSize                          = 134217728                                 {product} {ergonomic}
   size_t MarkStackSize                            = 4194304                                   {product} {ergonomic}
   size_t MaxHeapSize                              = 2126512128                                {product} {ergonomic}
   size_t MaxNewSize                               = 1275068416                                {product} {ergonomic}
   size_t MinHeapDeltaBytes                        = 1048576                                   {product} {ergonomic}
   size_t MinHeapSize                              = 8388608                                   {product} {ergonomic}
    uintx NonNMethodCodeHeapSize                   = 5832780                                {pd product} {ergonomic}
    uintx NonProfiledCodeHeapSize                  = 122912730                              {pd product} {ergonomic}
    uintx ProfiledCodeHeapSize                     = 122912730                              {pd product} {ergonomic}
    uintx ReservedCodeCacheSize                    = 251658240                              {pd product} {ergonomic}
     bool SegmentedCodeCache                       = true                                      {product} {ergonomic}
   size_t SoftMaxHeapSize                          = 2126512128                             {manageable} {ergonomic}
     bool UseCompressedClassPointers               = true                           {product lp64_product} {ergonomic}
     bool UseCompressedOops                        = true                           {product lp64_product} {ergonomic}
     bool UseG1GC                                  = true                                      {product} {ergonomic}
     bool UseLargePagesIndividualAllocation        = false                                  {pd product} {ergonomic}

Logging:
Log output configuration:
 #0: stdout all=warning uptime,level,tags
 #1: stderr all=off uptime,level,tags

Environment Variables:
PATH=C:\Program Files\Git\mingw64\libexec\git-core;C:\Program Files\Git\mingw64\libexec\git-core;C:\Program Files\Git\mingw64\bin;C:\Program Files\Git\usr\bin;C:\Users\Alexei notebook\bin;C:\Program Files\Common Files\Oracle\Java\javapath;C:\Program Files (x86)\Common Files\Intel\Shared Files\cpp\bin\Intel64;C:\WINDOWS\system32;C:\WINDOWS;C:\WINDOWS\System32\Wbem;C:\WINDOWS\System32\WindowsPowerShell\v1.0;C:\WINDOWS\System32\OpenSSH;C:\Program Files (x86)\PICT;C:\Program Files\PuTTY;C:\Program Files\dotnet;C:\Program Files\Git\cmd;C:\Users\Alexei notebook\AppData\Local\Programs\Python\Python311\Scripts;C:\Users\Alexei notebook\AppData\Local\Programs\Python\Python311;C:\Users\Alexei notebook\AppData\Local\Programs\Python\Python310\Scripts;C:\Users\Alexei notebook\AppData\Local\Programs\Python\Python310;C:\Users\Alexei notebook\AppData\Local\Programs\Python\Python38-32\Scripts;C:\Users\Alexei notebook\AppData\Local\Programs\Python\Python38-32;C:\Users\Alexei notebook\AppData\Local\Microsoft\WindowsApps;C:\Users\Alexei notebook\AppData\Local\GitHubDesktop\bin;C:\Program Files\JetBrains\PyCharm Community Edition 2021.3.1\bin;C:\Users\Alexei notebook\AppData\Local\gitkraken\bin;C:\Users\Alexei notebook\AppData\Local\Programs\Python\Python310;C:\Users\Alexei notebook\AppData\Local\Programs\Python\Python38-32;C:\Users\Alexei notebook\.dotnet\tools;C:\Users\Alexei notebook\AppData\Local\Programs\Microsoft VS Code\bin;C:\Program Files\JetBrains\PyCharm Community Edition 2023.2.1\bin;C:\Program Files\JetBrains\IntelliJ IDEA 2023.2.3\bin;C:\Program Files\JetBrains\IntelliJ IDEA Community Edition 2023.2.5\bin
USERNAME=Alexei notebook
DISPLAY=:0.0
LC_ALL=en_US.UTF-8
TERM=xterm-256color
TMPDIR=C:\Users\ALEXEI~1\AppData\Local\Temp
OS=Windows_NT
PROCESSOR_IDENTIFIER=Intel64 Family 6 Model 60 Stepping 3, GenuineIntel
TMP=C:\Users\ALEXEI~1\AppData\Local\Temp
TEMP=C:\Users\ALEXEI~1\AppData\Local\Temp



Periodic native trim disabled

JNI global refs:
JNI global refs: 8, weak refs: 0

JNI global refs memory usage: 843, weak refs: 209

OOME stack traces (most recent first):
Classloader memory used:
Loader bootstrap                                                                       : 677K
Loader jdk.internal.loader.ClassLoaders$AppClassLoader                                 : 1808B


---------------  S Y S T E M  ---------------

OS:
 Windows 10 , 64 bit Build 18362 (10.0.18362.778)
OS uptime: 23 days 18:28 hours

CPU: total 4 (initial active 4) (2 cores per cpu, 2 threads per core) family 6 model 60 stepping 3 microcode 0x25, cx8, cmov, fxsr, ht, mmx, sse, sse2, sse3, ssse3, sse4.1, sse4.2, popcnt, lzcnt, tsc, tscinvbit, avx, avx2, aes, erms, clmul, bmi1, bmi2, fma, vzeroupper, clflush
Processor Information for all 4 processors :
  Max Mhz: 2901, Current Mhz: 2901, Mhz Limit: 2901

Memory: 4k page, system-wide physical 8109M (2638M free)
TotalPageFile size 10157M (AvailPageFile size 5M)
current process WorkingSet (physical memory assigned to process): 32M, peak: 32M
current process commit charge ("private bytes"): 196M, peak: 197M

vm_info: OpenJDK 64-Bit Server VM (17.0.9+7-b1000.46) for windows-amd64 JRE (17.0.9+7-b1000.46), built on 2023-10-27 by "builduser" with MS VC++ 16.10 / 16.11 (VS2019)

END.
